Analysis & Synthesis report for finallock
Mon Jun 17 10:24:50 2019
Quartus II Version 9.1 Build 222 10/21/2009 SJ Web Edition


---------------------
; Table of Contents ;
---------------------
  1. Legal Notice
  2. Analysis & Synthesis Summary
  3. Analysis & Synthesis Settings
  4. Parallel Compilation
  5. Analysis & Synthesis Source Files Read
  6. Analysis & Synthesis Resource Usage Summary
  7. Analysis & Synthesis Resource Utilization by Entity
  8. General Register Statistics
  9. Port Connectivity Checks: "SIPO:comb_11"
 10. Analysis & Synthesis Messages



----------------
; Legal Notice ;
----------------
Copyright (C) 1991-2009 Altera Corporation
Your use of Altera Corporation's design tools, logic functions 
and other software and tools, and its AMPP partner logic 
functions, and any output files from any of the foregoing 
(including device programming or simulation files), and any 
associated documentation or information are expressly subject 
to the terms and conditions of the Altera Program License 
Subscription Agreement, Altera MegaCore Function License 
Agreement, or other applicable license agreement, including, 
without limitation, that your use is for the sole purpose of 
programming logic devices manufactured by Altera and sold by 
Altera or its authorized distributors.  Please refer to the 
applicable agreement for further details.



+------------------------------------------------------------------------------+
; Analysis & Synthesis Summary                                                 ;
+------------------------------------+-----------------------------------------+
; Analysis & Synthesis Status        ; Successful - Mon Jun 17 10:24:50 2019   ;
; Quartus II Version                 ; 9.1 Build 222 10/21/2009 SJ Web Edition ;
; Revision Name                      ; finallock                               ;
; Top-level Entity Name              ; finallock                               ;
; Family                             ; Cyclone II                              ;
; Total logic elements               ; 43                                      ;
;     Total combinational functions  ; 27                                      ;
;     Dedicated logic registers      ; 29                                      ;
; Total registers                    ; 29                                      ;
; Total pins                         ; 7                                       ;
; Total virtual pins                 ; 0                                       ;
; Total memory bits                  ; 0                                       ;
; Embedded Multiplier 9-bit elements ; 0                                       ;
; Total PLLs                         ; 0                                       ;
+------------------------------------+-----------------------------------------+


+----------------------------------------------------------------------------------------------------------------------+
; Analysis & Synthesis Settings                                                                                        ;
+----------------------------------------------------------------------------+--------------------+--------------------+
; Option                                                                     ; Setting            ; Default Value      ;
+----------------------------------------------------------------------------+--------------------+--------------------+
; Device                                                                     ; EP2C20F484C7       ;                    ;
; Top-level entity name                                                      ; finallock          ; finallock          ;
; Family name                                                                ; Cyclone II         ; Stratix II         ;
; Use Generated Physical Constraints File                                    ; Off                ;                    ;
; Use smart compilation                                                      ; Off                ; Off                ;
; Enable parallel Assembler and TimeQuest Timing Analyzer during compilation ; On                 ; On                 ;
; Enable compact report table                                                ; Off                ; Off                ;
; Restructure Multiplexers                                                   ; Auto               ; Auto               ;
; Create Debugging Nodes for IP Cores                                        ; Off                ; Off                ;
; Preserve fewer node names                                                  ; On                 ; On                 ;
; Disable OpenCore Plus hardware evaluation                                  ; Off                ; Off                ;
; Verilog Version                                                            ; Verilog_2001       ; Verilog_2001       ;
; VHDL Version                                                               ; VHDL_1993          ; VHDL_1993          ;
; State Machine Processing                                                   ; Auto               ; Auto               ;
; Safe State Machine                                                         ; Off                ; Off                ;
; Extract Verilog State Machines                                             ; On                 ; On                 ;
; Extract VHDL State Machines                                                ; On                 ; On                 ;
; Ignore Verilog initial constructs                                          ; Off                ; Off                ;
; Iteration limit for constant Verilog loops                                 ; 5000               ; 5000               ;
; Iteration limit for non-constant Verilog loops                             ; 250                ; 250                ;
; Add Pass-Through Logic to Inferred RAMs                                    ; On                 ; On                 ;
; Parallel Synthesis                                                         ; On                 ; On                 ;
; DSP Block Balancing                                                        ; Auto               ; Auto               ;
; NOT Gate Push-Back                                                         ; On                 ; On                 ;
; Power-Up Don't Care                                                        ; On                 ; On                 ;
; Remove Redundant Logic Cells                                               ; Off                ; Off                ;
; Remove Duplicate Registers                                                 ; On                 ; On                 ;
; Ignore CARRY Buffers                                                       ; Off                ; Off                ;
; Ignore CASCADE Buffers                                                     ; Off                ; Off                ;
; Ignore GLOBAL Buffers                                                      ; Off                ; Off                ;
; Ignore ROW GLOBAL Buffers                                                  ; Off                ; Off                ;
; Ignore LCELL Buffers                                                       ; Off                ; Off                ;
; Ignore SOFT Buffers                                                        ; On                 ; On                 ;
; Limit AHDL Integers to 32 Bits                                             ; Off                ; Off                ;
; Optimization Technique                                                     ; Balanced           ; Balanced           ;
; Carry Chain Length                                                         ; 70                 ; 70                 ;
; Auto Carry Chains                                                          ; On                 ; On                 ;
; Auto Open-Drain Pins                                                       ; On                 ; On                 ;
; Perform WYSIWYG Primitive Resynthesis                                      ; Off                ; Off                ;
; Auto ROM Replacement                                                       ; On                 ; On                 ;
; Auto RAM Replacement                                                       ; On                 ; On                 ;
; Auto Shift Register Replacement                                            ; Auto               ; Auto               ;
; Auto Clock Enable Replacement                                              ; On                 ; On                 ;
; Strict RAM Replacement                                                     ; Off                ; Off                ;
; Allow Synchronous Control Signals                                          ; On                 ; On                 ;
; Force Use of Synchronous Clear Signals                                     ; Off                ; Off                ;
; Auto RAM to Logic Cell Conversion                                          ; Off                ; Off                ;
; Auto Resource Sharing                                                      ; Off                ; Off                ;
; Allow Any RAM Size For Recognition                                         ; Off                ; Off                ;
; Allow Any ROM Size For Recognition                                         ; Off                ; Off                ;
; Allow Any Shift Register Size For Recognition                              ; Off                ; Off                ;
; Use LogicLock Constraints during Resource Balancing                        ; On                 ; On                 ;
; Ignore translate_off and synthesis_off directives                          ; Off                ; Off                ;
; Timing-Driven Synthesis                                                    ; Off                ; Off                ;
; Show Parameter Settings Tables in Synthesis Report                         ; On                 ; On                 ;
; Ignore Maximum Fan-Out Assignments                                         ; Off                ; Off                ;
; Synchronization Register Chain Length                                      ; 2                  ; 2                  ;
; PowerPlay Power Optimization                                               ; Normal compilation ; Normal compilation ;
; HDL message level                                                          ; Level2             ; Level2             ;
; Suppress Register Optimization Related Messages                            ; Off                ; Off                ;
; Number of Removed Registers Reported in Synthesis Report                   ; 100                ; 100                ;
; Number of Inverted Registers Reported in Synthesis Report                  ; 100                ; 100                ;
; Clock MUX Protection                                                       ; On                 ; On                 ;
; Auto Gated Clock Conversion                                                ; Off                ; Off                ;
; Block Design Naming                                                        ; Auto               ; Auto               ;
; SDC constraint protection                                                  ; Off                ; Off                ;
; Synthesis Effort                                                           ; Auto               ; Auto               ;
; Shift Register Replacement - Allow Asynchronous Clear Signal               ; On                 ; On                 ;
; Analysis & Synthesis Message Level                                         ; Medium             ; Medium             ;
; Disable Register Merging Across Hierarchies                                ; Auto               ; Auto               ;
; Resource Aware Inference For Block RAM                                     ; On                 ; On                 ;
+----------------------------------------------------------------------------+--------------------+--------------------+


Parallel compilation was disabled, but you have multiple processors available. Enable parallel compilation to reduce compilation time.
+-------------------------------------+
; Parallel Compilation                ;
+----------------------------+--------+
; Processors                 ; Number ;
+----------------------------+--------+
; Number detected on machine ; 2      ;
; Maximum allowed            ; 1      ;
+----------------------------+--------+


+-----------------------------------------------------------------------------------------------------------------------------+
; Analysis & Synthesis Source Files Read                                                                                      ;
+----------------------------------+-----------------+------------------------+-----------------------------------------------+
; File Name with User-Entered Path ; Used in Netlist ; File Type              ; File Name with Absolute Path                  ;
+----------------------------------+-----------------+------------------------+-----------------------------------------------+
; finallock.v                      ; yes             ; User Verilog HDL File  ; D:/my projects/passlock/finallock/finallock.v ;
+----------------------------------+-----------------+------------------------+-----------------------------------------------+


+-----------------------------------------------------------------------+
; Analysis & Synthesis Resource Usage Summary                           ;
+---------------------------------------------+-------------------------+
; Resource                                    ; Usage                   ;
+---------------------------------------------+-------------------------+
; Estimated Total logic elements              ; 43                      ;
;                                             ;                         ;
; Total combinational functions               ; 27                      ;
; Logic element usage by number of LUT inputs ;                         ;
;     -- 4 input functions                    ; 12                      ;
;     -- 3 input functions                    ; 7                       ;
;     -- <=2 input functions                  ; 8                       ;
;                                             ;                         ;
; Logic elements by mode                      ;                         ;
;     -- normal mode                          ; 27                      ;
;     -- arithmetic mode                      ; 0                       ;
;                                             ;                         ;
; Total registers                             ; 29                      ;
;     -- Dedicated logic registers            ; 29                      ;
;     -- I/O registers                        ; 0                       ;
;                                             ;                         ;
; I/O pins                                    ; 7                       ;
; Maximum fan-out node                        ; numpannel:comb_3|clkout ;
; Maximum fan-out                             ; 26                      ;
; Total fan-out                               ; 164                     ;
; Average fan-out                             ; 2.60                    ;
+---------------------------------------------+-------------------------+


+---------------------------------------------------------------------------------------------------------------------------------------------------------------------------------------+
; Analysis & Synthesis Resource Utilization by Entity                                                                                                                                   ;
+----------------------------+-------------------+--------------+-------------+--------------+---------+-----------+------+--------------+-------------------------------+--------------+
; Compilation Hierarchy Node ; LC Combinationals ; LC Registers ; Memory Bits ; DSP Elements ; DSP 9x9 ; DSP 18x18 ; Pins ; Virtual Pins ; Full Hierarchy Name           ; Library Name ;
+----------------------------+-------------------+--------------+-------------+--------------+---------+-----------+------+--------------+-------------------------------+--------------+
; |finallock                 ; 27 (4)            ; 29 (0)       ; 0           ; 0            ; 0       ; 0         ; 7    ; 0            ; |finallock                    ; work         ;
;    |SIPO:comb_11|          ; 2 (2)             ; 3 (3)        ; 0           ; 0            ; 0       ; 0         ; 0    ; 0            ; |finallock|SIPO:comb_11       ; work         ;
;    |SIPO:comb_6|           ; 6 (6)             ; 4 (4)        ; 0           ; 0            ; 0       ; 0         ; 0    ; 0            ; |finallock|SIPO:comb_6        ;              ;
;    |datastorage:comb_4|    ; 14 (14)           ; 22 (22)      ; 0           ; 0            ; 0       ; 0         ; 0    ; 0            ; |finallock|datastorage:comb_4 ;              ;
;    |numpannel:comb_3|      ; 1 (1)             ; 0 (0)        ; 0           ; 0            ; 0       ; 0         ; 0    ; 0            ; |finallock|numpannel:comb_3   ;              ;
+----------------------------+-------------------+--------------+-------------+--------------+---------+-----------+------+--------------+-------------------------------+--------------+
Note: For table entries with two numbers listed, the numbers in parentheses indicate the number of resources of the given type used by the specific entity alone. The numbers listed outside of parentheses indicate the total resources of the given type used by the specific entity and all of its sub-entities in the hierarchy.


+------------------------------------------------------+
; General Register Statistics                          ;
+----------------------------------------------+-------+
; Statistic                                    ; Value ;
+----------------------------------------------+-------+
; Total registers                              ; 29    ;
; Number of registers using Synchronous Clear  ; 0     ;
; Number of registers using Synchronous Load   ; 0     ;
; Number of registers using Asynchronous Clear ; 0     ;
; Number of registers using Asynchronous Load  ; 0     ;
; Number of registers using Clock Enable       ; 20    ;
; Number of registers using Preset             ; 0     ;
+----------------------------------------------+-------+


+--------------------------------------------------------------------------------------------------------------------------------------------------------------------------------------------------------------------+
; Port Connectivity Checks: "SIPO:comb_11"                                                                                                                                                                           ;
+-----------+--------+----------+------------------------------------------------------------------------------------------------------------------------------------------------------------------------------------+
; Port      ; Type   ; Severity ; Details                                                                                                                                                                            ;
+-----------+--------+----------+------------------------------------------------------------------------------------------------------------------------------------------------------------------------------------+
; in        ; Input  ; Warning  ; Input port expression (32 bits) is wider than the input port (1 bits) it drives.  The 31 most-significant bit(s) in the expression will be dangling if they have no other fanouts. ;
; in[-1]    ; Input  ; Info     ; Stuck at VCC                                                                                                                                                                       ;
; out[1..0] ; Output ; Info     ; Connected to dangling logic. Logic that only feeds a dangling port will be removed.                                                                                                ;
; out[3]    ; Output ; Info     ; Connected to dangling logic. Logic that only feeds a dangling port will be removed.                                                                                                ;
+-----------+--------+----------+------------------------------------------------------------------------------------------------------------------------------------------------------------------------------------+


+-------------------------------+
; Analysis & Synthesis Messages ;
+-------------------------------+
Info: *******************************************************************
Info: Running Quartus II Analysis & Synthesis
    Info: Version 9.1 Build 222 10/21/2009 SJ Web Edition
    Info: Processing started: Mon Jun 17 10:24:48 2019
Info: Command: quartus_map --read_settings_files=on --write_settings_files=off finallock -c finallock
Info: Found 5 design units, including 5 entities, in source file finallock.v
    Info: Found entity 1: finallock
    Info: Found entity 2: datastorage
    Info: Found entity 3: comperetor
    Info: Found entity 4: numpannel
    Info: Found entity 5: SIPO
Critical Warning (10846): Verilog HDL Instantiation warning at finallock.v(14): instance has no name
Critical Warning (10846): Verilog HDL Instantiation warning at finallock.v(15): instance has no name
Critical Warning (10846): Verilog HDL Instantiation warning at finallock.v(16): instance has no name
Critical Warning (10846): Verilog HDL Instantiation warning at finallock.v(17): instance has no name
Critical Warning (10846): Verilog HDL Instantiation warning at finallock.v(19): instance has no name
Info: Elaborating entity "finallock" for the top level hierarchy
Info: Elaborating entity "numpannel" for hierarchy "numpannel:comb_3"
Info: Elaborating entity "datastorage" for hierarchy "datastorage:comb_4"
Warning (10230): Verilog HDL assignment warning at finallock.v(36): truncated value with size 32 to match size of target (2)
Warning (10230): Verilog HDL assignment warning at finallock.v(42): truncated value with size 32 to match size of target (2)
Info: Elaborating entity "comperetor" for hierarchy "comperetor:comb_5"
Info: Elaborating entity "SIPO" for hierarchy "SIPO:comb_6"
Info: Found 1 instances of uninferred RAM logic
    Info: RAM logic "datastorage:comb_4|ste" is uninferred due to inappropriate RAM size
Warning: 1 hierarchies have connectivity warnings - see the Connectivity Checks report folder
Info: Implemented 50 device resources after synthesis - the final resource count might be different
    Info: Implemented 5 input pins
    Info: Implemented 2 output pins
    Info: Implemented 43 logic cells
Info: Quartus II Analysis & Synthesis was successful. 0 errors, 8 warnings
    Info: Peak virtual memory: 250 megabytes
    Info: Processing ended: Mon Jun 17 10:24:50 2019
    Info: Elapsed time: 00:00:02
    Info: Total CPU time (on all processors): 00:00:02


